<?xml version="1.0" encoding="UTF-8"?>
<testsuite name="unittests.tilepool.TilePoolTest" tests="1" skipped="0" failures="0" errors="0" timestamp="2021-01-28T16:58:33" hostname="DESKTOP-G5131H2" time="0.057">
  <properties/>
  <testcase name="tileGetters()" classname="unittests.tilepool.TilePoolTest" time="0.057"/>
  <system-out><![CDATA[]]></system-out>
  <system-err><![CDATA[]]></system-err>
</testsuite>
